<?xml version="1.0" encoding="UTF-8"?>
<testsuite name="LeetspeakTest" tests="7" skipped="0" failures="0" errors="0" timestamp="2016-02-08T22:40:56" hostname="epicodus-62.local" time="0.004">
  <properties/>
  <testcase name="isLeetspeak_returns3ifletterisE_wordChanges" classname="LeetspeakTest" time="0.002"/>
  <testcase name="isLeetspeak_returns0ifletterisO_wordChanges" classname="LeetspeakTest" time="0.0"/>
  <testcase name="isNotLeetspeak_returnsSameStringIfNoLeetspeakIsPresent_wordDoesntChange" classname="LeetspeakTest" time="0.0"/>
  <testcase name="isLeetspeak_returnsZifletterisS_wordChanges" classname="LeetspeakTest" time="0.001"/>
  <testcase name="isLeetspeak_doesNotReplaceSWhenFirstLetter_wordChanges" classname="LeetspeakTest" time="0.0"/>
  <testcase name="isLeetspeak_returnCorrectRegardlessOfCase_wordChanges" classname="LeetspeakTest" time="0.0"/>
  <testcase name="isLeetspeak_returns1ifletterisI_wordChanges" classname="LeetspeakTest" time="0.0"/>
  <system-out><![CDATA[]]></system-out>
  <system-err><![CDATA[]]></system-err>
</testsuite>
